{"/Users/fredde/Dropbox/TDP013/projekt/kvitter/app.js":{"path":"/Users/fredde/Dropbox/TDP013/projekt/kvitter/app.js","s":{"1":1,"2":1,"3":1,"4":1,"5":1,"6":1,"7":1,"8":1,"9":1,"10":1,"11":1,"12":1,"13":1,"14":1,"15":1,"16":1,"17":1,"18":1,"19":1,"20":1,"21":1,"22":1,"23":1,"24":1,"25":1,"26":1,"27":1,"28":1,"29":1,"30":1,"31":1,"32":8,"33":8,"34":0,"35":0,"36":0,"37":0,"38":8,"39":1,"40":1,"41":1,"42":1,"43":1,"44":1,"45":1,"46":1,"47":1,"48":1,"49":0,"50":0,"51":0,"52":1,"53":1,"54":1,"55":1,"56":1,"57":1,"58":1,"59":1,"60":1},"b":{"1":[0,8],"2":[1,0],"3":[1,1],"4":[1,1]},"f":{"1":8,"2":0,"3":1,"4":1},"fnMap":{"1":{"name":"(anonymous_1)","line":39,"loc":{"start":{"line":39,"column":8},"end":{"line":39,"column":34}}},"2":{"name":"(anonymous_2)","line":63,"loc":{"start":{"line":63,"column":8},"end":{"line":63,"column":34}}},"3":{"name":"(anonymous_3)","line":73,"loc":{"start":{"line":73,"column":12},"end":{"line":73,"column":43}}},"4":{"name":"(anonymous_4)","line":84,"loc":{"start":{"line":84,"column":8},"end":{"line":84,"column":39}}}},"statementMap":{"1":{"start":{"line":1,"column":0},"end":{"line":1,"column":33}},"2":{"start":{"line":2,"column":0},"end":{"line":2,"column":27}},"3":{"start":{"line":3,"column":0},"end":{"line":3,"column":39}},"4":{"start":{"line":4,"column":0},"end":{"line":4,"column":31}},"5":{"start":{"line":5,"column":0},"end":{"line":5,"column":44}},"6":{"start":{"line":6,"column":0},"end":{"line":6,"column":46}},"7":{"start":{"line":7,"column":0},"end":{"line":7,"column":40}},"8":{"start":{"line":8,"column":0},"end":{"line":8,"column":38}},"9":{"start":{"line":9,"column":0},"end":{"line":9,"column":40}},"10":{"start":{"line":10,"column":0},"end":{"line":10,"column":36}},"11":{"start":{"line":11,"column":0},"end":{"line":11,"column":44}},"12":{"start":{"line":12,"column":0},"end":{"line":12,"column":39}},"13":{"start":{"line":13,"column":0},"end":{"line":13,"column":40}},"14":{"start":{"line":14,"column":0},"end":{"line":14,"column":38}},"15":{"start":{"line":15,"column":0},"end":{"line":15,"column":53}},"16":{"start":{"line":16,"column":0},"end":{"line":16,"column":41}},"17":{"start":{"line":17,"column":0},"end":{"line":17,"column":35}},"18":{"start":{"line":18,"column":0},"end":{"line":18,"column":20}},"19":{"start":{"line":19,"column":0},"end":{"line":19,"column":42}},"20":{"start":{"line":22,"column":0},"end":{"line":22,"column":48}},"21":{"start":{"line":23,"column":0},"end":{"line":23,"column":31}},"22":{"start":{"line":24,"column":0},"end":{"line":26,"column":3}},"23":{"start":{"line":29,"column":0},"end":{"line":29,"column":23}},"24":{"start":{"line":30,"column":0},"end":{"line":30,"column":27}},"25":{"start":{"line":31,"column":0},"end":{"line":31,"column":52}},"26":{"start":{"line":32,"column":0},"end":{"line":32,"column":33}},"27":{"start":{"line":33,"column":0},"end":{"line":33,"column":36}},"28":{"start":{"line":34,"column":0},"end":{"line":34,"column":70}},"29":{"start":{"line":35,"column":0},"end":{"line":35,"column":56}},"30":{"start":{"line":37,"column":0},"end":{"line":37,"column":47}},"31":{"start":{"line":39,"column":0},"end":{"line":50,"column":3}},"32":{"start":{"line":40,"column":4},"end":{"line":40,"column":19}},"33":{"start":{"line":43,"column":4},"end":{"line":48,"column":3}},"34":{"start":{"line":44,"column":8},"end":{"line":44,"column":62}},"35":{"start":{"line":45,"column":8},"end":{"line":45,"column":18}},"36":{"start":{"line":46,"column":8},"end":{"line":46,"column":41}},"37":{"start":{"line":47,"column":4},"end":{"line":47,"column":11}},"38":{"start":{"line":49,"column":4},"end":{"line":49,"column":11}},"39":{"start":{"line":52,"column":0},"end":{"line":52,"column":21}},"40":{"start":{"line":53,"column":0},"end":{"line":53,"column":25}},"41":{"start":{"line":54,"column":0},"end":{"line":54,"column":52}},"42":{"start":{"line":55,"column":0},"end":{"line":55,"column":25}},"43":{"start":{"line":56,"column":0},"end":{"line":56,"column":27}},"44":{"start":{"line":57,"column":0},"end":{"line":57,"column":23}},"45":{"start":{"line":58,"column":0},"end":{"line":58,"column":31}},"46":{"start":{"line":59,"column":0},"end":{"line":59,"column":27}},"47":{"start":{"line":60,"column":0},"end":{"line":60,"column":40}},"48":{"start":{"line":63,"column":0},"end":{"line":67,"column":3}},"49":{"start":{"line":64,"column":4},"end":{"line":64,"column":37}},"50":{"start":{"line":65,"column":4},"end":{"line":65,"column":21}},"51":{"start":{"line":66,"column":4},"end":{"line":66,"column":14}},"52":{"start":{"line":72,"column":0},"end":{"line":80,"column":1}},"53":{"start":{"line":73,"column":4},"end":{"line":79,"column":7}},"54":{"start":{"line":74,"column":8},"end":{"line":74,"column":38}},"55":{"start":{"line":75,"column":8},"end":{"line":78,"column":11}},"56":{"start":{"line":84,"column":0},"end":{"line":90,"column":3}},"57":{"start":{"line":85,"column":4},"end":{"line":85,"column":34}},"58":{"start":{"line":86,"column":4},"end":{"line":89,"column":7}},"59":{"start":{"line":92,"column":0},"end":{"line":92,"column":17}},"60":{"start":{"line":94,"column":0},"end":{"line":94,"column":21}}},"branchMap":{"1":{"line":43,"type":"if","locations":[{"start":{"line":43,"column":4},"end":{"line":43,"column":4}},{"start":{"line":43,"column":4},"end":{"line":43,"column":4}}]},"2":{"line":72,"type":"if","locations":[{"start":{"line":72,"column":0},"end":{"line":72,"column":0}},{"start":{"line":72,"column":0},"end":{"line":72,"column":0}}]},"3":{"line":74,"type":"binary-expr","locations":[{"start":{"line":74,"column":19},"end":{"line":74,"column":29}},{"start":{"line":74,"column":33},"end":{"line":74,"column":36}}]},"4":{"line":85,"type":"binary-expr","locations":[{"start":{"line":85,"column":15},"end":{"line":85,"column":25}},{"start":{"line":85,"column":29},"end":{"line":85,"column":32}}]}}},"/Users/fredde/Dropbox/TDP013/projekt/kvitter/routes/login.js":{"path":"/Users/fredde/Dropbox/TDP013/projekt/kvitter/routes/login.js","s":{"1":1,"2":1,"3":1,"4":0,"5":1},"b":{},"f":{"1":0},"fnMap":{"1":{"name":"(anonymous_1)","line":4,"loc":{"start":{"line":4,"column":16},"end":{"line":4,"column":35}}}},"statementMap":{"1":{"start":{"line":1,"column":0},"end":{"line":1,"column":33}},"2":{"start":{"line":2,"column":0},"end":{"line":2,"column":30}},"3":{"start":{"line":4,"column":0},"end":{"line":6,"column":3}},"4":{"start":{"line":5,"column":4},"end":{"line":5,"column":44}},"5":{"start":{"line":8,"column":0},"end":{"line":8,"column":24}}},"branchMap":{}},"/Users/fredde/Dropbox/TDP013/projekt/kvitter/routes/logout.js":{"path":"/Users/fredde/Dropbox/TDP013/projekt/kvitter/routes/logout.js","s":{"1":1,"2":1,"3":1,"4":0,"5":0,"6":0,"7":0,"8":0,"9":0,"10":0,"11":0,"12":0,"13":0,"14":0,"15":1},"b":{"1":[0,0],"2":[0,0],"3":[0,0],"4":[0,0]},"f":{"1":0,"2":0,"3":0},"fnMap":{"1":{"name":"(anonymous_1)","line":4,"loc":{"start":{"line":4,"column":16},"end":{"line":4,"column":35}}},"2":{"name":"(anonymous_2)","line":5,"loc":{"start":{"line":5,"column":38},"end":{"line":5,"column":61}}},"3":{"name":"(anonymous_3)","line":13,"loc":{"start":{"line":13,"column":28},"end":{"line":13,"column":43}}}},"statementMap":{"1":{"start":{"line":1,"column":0},"end":{"line":1,"column":33}},"2":{"start":{"line":2,"column":0},"end":{"line":2,"column":30}},"3":{"start":{"line":4,"column":0},"end":{"line":25,"column":3}},"4":{"start":{"line":5,"column":4},"end":{"line":23,"column":5}},"5":{"start":{"line":6,"column":6},"end":{"line":8,"column":7}},"6":{"start":{"line":7,"column":10},"end":{"line":7,"column":27}},"7":{"start":{"line":9,"column":6},"end":{"line":22,"column":6}},"8":{"start":{"line":10,"column":8},"end":{"line":10,"column":31}},"9":{"start":{"line":12,"column":11},"end":{"line":22,"column":6}},"10":{"start":{"line":13,"column":8},"end":{"line":18,"column":7}},"11":{"start":{"line":14,"column":9},"end":{"line":16,"column":10}},"12":{"start":{"line":15,"column":13},"end":{"line":15,"column":30}},"13":{"start":{"line":17,"column":9},"end":{"line":17,"column":32}},"14":{"start":{"line":21,"column":8},"end":{"line":21,"column":31}},"15":{"start":{"line":27,"column":0},"end":{"line":27,"column":24}}},"branchMap":{"1":{"line":6,"type":"if","locations":[{"start":{"line":6,"column":6},"end":{"line":6,"column":6}},{"start":{"line":6,"column":6},"end":{"line":6,"column":6}}]},"2":{"line":9,"type":"if","locations":[{"start":{"line":9,"column":6},"end":{"line":9,"column":6}},{"start":{"line":9,"column":6},"end":{"line":9,"column":6}}]},"3":{"line":12,"type":"if","locations":[{"start":{"line":12,"column":11},"end":{"line":12,"column":11}},{"start":{"line":12,"column":11},"end":{"line":12,"column":11}}]},"4":{"line":14,"type":"if","locations":[{"start":{"line":14,"column":9},"end":{"line":14,"column":9}},{"start":{"line":14,"column":9},"end":{"line":14,"column":9}}]}}},"/Users/fredde/Dropbox/TDP013/projekt/kvitter/routes/post.js":{"path":"/Users/fredde/Dropbox/TDP013/projekt/kvitter/routes/post.js","s":{"1":1,"2":1,"3":1,"4":1,"5":1,"6":1,"7":1,"8":0,"9":1,"10":1,"11":3,"12":3,"13":3,"14":3,"15":3,"16":3,"17":0,"18":3,"19":1},"b":{"1":[0,1],"2":[0,3]},"f":{"1":1,"2":1,"3":1,"4":3,"5":3,"6":3},"fnMap":{"1":{"name":"(anonymous_1)","line":4,"loc":{"start":{"line":4,"column":25},"end":{"line":4,"column":44}}},"2":{"name":"(anonymous_2)","line":6,"loc":{"start":{"line":6,"column":19},"end":{"line":6,"column":41}}},"3":{"name":"(anonymous_3)","line":14,"loc":{"start":{"line":14,"column":12},"end":{"line":14,"column":34}}},"4":{"name":"(anonymous_4)","line":24,"loc":{"start":{"line":24,"column":37},"end":{"line":24,"column":56}}},"5":{"name":"(anonymous_5)","line":28,"loc":{"start":{"line":28,"column":19},"end":{"line":28,"column":41}}},"6":{"name":"(anonymous_6)","line":36,"loc":{"start":{"line":36,"column":12},"end":{"line":36,"column":34}}}},"statementMap":{"1":{"start":{"line":1,"column":0},"end":{"line":1,"column":33}},"2":{"start":{"line":2,"column":0},"end":{"line":2,"column":30}},"3":{"start":{"line":4,"column":0},"end":{"line":22,"column":3}},"4":{"start":{"line":5,"column":1},"end":{"line":5,"column":30}},"5":{"start":{"line":6,"column":4},"end":{"line":21,"column":7}},"6":{"start":{"line":7,"column":8},"end":{"line":20,"column":10}},"7":{"start":{"line":15,"column":16},"end":{"line":17,"column":17}},"8":{"start":{"line":16,"column":20},"end":{"line":16,"column":50}},"9":{"start":{"line":18,"column":16},"end":{"line":18,"column":26}},"10":{"start":{"line":24,"column":0},"end":{"line":44,"column":3}},"11":{"start":{"line":25,"column":4},"end":{"line":25,"column":33}},"12":{"start":{"line":26,"column":4},"end":{"line":26,"column":27}},"13":{"start":{"line":27,"column":4},"end":{"line":27,"column":30}},"14":{"start":{"line":28,"column":4},"end":{"line":43,"column":7}},"15":{"start":{"line":29,"column":8},"end":{"line":42,"column":10}},"16":{"start":{"line":37,"column":16},"end":{"line":39,"column":17}},"17":{"start":{"line":38,"column":20},"end":{"line":38,"column":49}},"18":{"start":{"line":40,"column":16},"end":{"line":40,"column":26}},"19":{"start":{"line":46,"column":0},"end":{"line":46,"column":24}}},"branchMap":{"1":{"line":15,"type":"if","locations":[{"start":{"line":15,"column":16},"end":{"line":15,"column":16}},{"start":{"line":15,"column":16},"end":{"line":15,"column":16}}]},"2":{"line":37,"type":"if","locations":[{"start":{"line":37,"column":16},"end":{"line":37,"column":16}},{"start":{"line":37,"column":16},"end":{"line":37,"column":16}}]}}},"/Users/fredde/Dropbox/TDP013/projekt/kvitter/routes/register.js":{"path":"/Users/fredde/Dropbox/TDP013/projekt/kvitter/routes/register.js","s":{"1":1,"2":1,"3":1,"4":0,"5":1,"6":0,"7":0,"8":0,"9":0,"10":0,"11":0,"12":0,"13":0,"14":0,"15":1},"b":{"1":[0,0]},"f":{"1":0,"2":0,"3":0,"4":0},"fnMap":{"1":{"name":"(anonymous_1)","line":4,"loc":{"start":{"line":4,"column":16},"end":{"line":4,"column":35}}},"2":{"name":"(anonymous_2)","line":8,"loc":{"start":{"line":8,"column":17},"end":{"line":8,"column":36}}},"3":{"name":"(anonymous_3)","line":13,"loc":{"start":{"line":13,"column":19},"end":{"line":13,"column":41}}},"4":{"name":"(anonymous_4)","line":14,"loc":{"start":{"line":14,"column":31},"end":{"line":14,"column":56}}}},"statementMap":{"1":{"start":{"line":1,"column":0},"end":{"line":1,"column":33}},"2":{"start":{"line":2,"column":0},"end":{"line":2,"column":30}},"3":{"start":{"line":4,"column":0},"end":{"line":6,"column":3}},"4":{"start":{"line":5,"column":4},"end":{"line":5,"column":50}},"5":{"start":{"line":8,"column":0},"end":{"line":22,"column":3}},"6":{"start":{"line":9,"column":4},"end":{"line":9,"column":25}},"7":{"start":{"line":10,"column":4},"end":{"line":10,"column":29}},"8":{"start":{"line":11,"column":4},"end":{"line":11,"column":27}},"9":{"start":{"line":12,"column":4},"end":{"line":12,"column":99}},"10":{"start":{"line":13,"column":4},"end":{"line":20,"column":6}},"11":{"start":{"line":14,"column":8},"end":{"line":19,"column":10}},"12":{"start":{"line":15,"column":12},"end":{"line":17,"column":13}},"13":{"start":{"line":16,"column":16},"end":{"line":16,"column":33}},"14":{"start":{"line":21,"column":4},"end":{"line":21,"column":22}},"15":{"start":{"line":23,"column":0},"end":{"line":23,"column":24}}},"branchMap":{"1":{"line":15,"type":"if","locations":[{"start":{"line":15,"column":12},"end":{"line":15,"column":12}},{"start":{"line":15,"column":12},"end":{"line":15,"column":12}}]}}},"/Users/fredde/Dropbox/TDP013/projekt/kvitter/routes/index.js":{"path":"/Users/fredde/Dropbox/TDP013/projekt/kvitter/routes/index.js","s":{"1":1,"2":1,"3":1,"4":1,"5":1,"6":0,"7":1,"8":1,"9":1,"10":1,"11":1,"12":0,"13":1,"14":0,"15":1,"16":1,"17":0,"18":1},"b":{"1":[0,1],"2":[0,1],"3":[0,1],"4":[1,0]},"f":{"1":1,"2":1,"3":1,"4":1},"fnMap":{"1":{"name":"getMessages","line":4,"loc":{"start":{"line":4,"column":0},"end":{"line":4,"column":35}}},"2":{"name":"(anonymous_2)","line":5,"loc":{"start":{"line":5,"column":20},"end":{"line":5,"column":43}}},"3":{"name":"(anonymous_3)","line":15,"loc":{"start":{"line":15,"column":16},"end":{"line":15,"column":35}}},"4":{"name":"(anonymous_4)","line":16,"loc":{"start":{"line":16,"column":38},"end":{"line":16,"column":61}}}},"statementMap":{"1":{"start":{"line":1,"column":0},"end":{"line":1,"column":33}},"2":{"start":{"line":2,"column":0},"end":{"line":2,"column":30}},"3":{"start":{"line":4,"column":0},"end":{"line":13,"column":1}},"4":{"start":{"line":5,"column":2},"end":{"line":12,"column":5}},"5":{"start":{"line":6,"column":4},"end":{"line":8,"column":5}},"6":{"start":{"line":7,"column":6},"end":{"line":7,"column":23}},"7":{"start":{"line":9,"column":4},"end":{"line":9,"column":40}},"8":{"start":{"line":10,"column":4},"end":{"line":11,"column":60}},"9":{"start":{"line":15,"column":0},"end":{"line":30,"column":3}},"10":{"start":{"line":16,"column":4},"end":{"line":29,"column":5}},"11":{"start":{"line":17,"column":6},"end":{"line":19,"column":7}},"12":{"start":{"line":18,"column":10},"end":{"line":18,"column":27}},"13":{"start":{"line":20,"column":6},"end":{"line":28,"column":5}},"14":{"start":{"line":21,"column":8},"end":{"line":21,"column":31}},"15":{"start":{"line":23,"column":11},"end":{"line":28,"column":5}},"16":{"start":{"line":24,"column":8},"end":{"line":24,"column":42}},"17":{"start":{"line":27,"column":6},"end":{"line":27,"column":29}},"18":{"start":{"line":31,"column":0},"end":{"line":31,"column":24}}},"branchMap":{"1":{"line":6,"type":"if","locations":[{"start":{"line":6,"column":4},"end":{"line":6,"column":4}},{"start":{"line":6,"column":4},"end":{"line":6,"column":4}}]},"2":{"line":17,"type":"if","locations":[{"start":{"line":17,"column":6},"end":{"line":17,"column":6}},{"start":{"line":17,"column":6},"end":{"line":17,"column":6}}]},"3":{"line":20,"type":"if","locations":[{"start":{"line":20,"column":6},"end":{"line":20,"column":6}},{"start":{"line":20,"column":6},"end":{"line":20,"column":6}}]},"4":{"line":23,"type":"if","locations":[{"start":{"line":23,"column":11},"end":{"line":23,"column":11}},{"start":{"line":23,"column":11},"end":{"line":23,"column":11}}]}}},"/Users/fredde/Dropbox/TDP013/projekt/kvitter/routes/search.js":{"path":"/Users/fredde/Dropbox/TDP013/projekt/kvitter/routes/search.js","s":{"1":1,"2":1,"3":1,"4":1,"5":1,"6":0,"7":1,"8":0,"9":1,"10":1,"11":1,"12":1,"13":1,"14":1,"15":1,"16":0,"17":1,"18":1,"19":0,"20":1},"b":{"1":[0,1],"2":[0,1],"3":[1,0],"4":[0,1]},"f":{"1":1,"2":1,"3":1,"4":1},"fnMap":{"1":{"name":"(anonymous_1)","line":4,"loc":{"start":{"line":4,"column":22},"end":{"line":4,"column":41}}},"2":{"name":"(anonymous_2)","line":5,"loc":{"start":{"line":5,"column":38},"end":{"line":5,"column":61}}},"3":{"name":"(anonymous_3)","line":16,"loc":{"start":{"line":16,"column":27},"end":{"line":16,"column":50}}},"4":{"name":"(anonymous_4)","line":35,"loc":{"start":{"line":35,"column":29},"end":{"line":35,"column":52}}}},"statementMap":{"1":{"start":{"line":1,"column":0},"end":{"line":1,"column":33}},"2":{"start":{"line":2,"column":0},"end":{"line":2,"column":30}},"3":{"start":{"line":4,"column":0},"end":{"line":49,"column":3}},"4":{"start":{"line":5,"column":4},"end":{"line":47,"column":7}},"5":{"start":{"line":6,"column":8},"end":{"line":8,"column":9}},"6":{"start":{"line":7,"column":12},"end":{"line":7,"column":29}},"7":{"start":{"line":9,"column":8},"end":{"line":46,"column":9}},"8":{"start":{"line":10,"column":12},"end":{"line":10,"column":35}},"9":{"start":{"line":12,"column":13},"end":{"line":46,"column":9}},"10":{"start":{"line":13,"column":12},"end":{"line":13,"column":42}},"11":{"start":{"line":14,"column":12},"end":{"line":14,"column":32}},"12":{"start":{"line":15,"column":12},"end":{"line":15,"column":32}},"13":{"start":{"line":16,"column":12},"end":{"line":42,"column":15}},"14":{"start":{"line":17,"column":16},"end":{"line":41,"column":19}},"15":{"start":{"line":36,"column":20},"end":{"line":38,"column":21}},"16":{"start":{"line":37,"column":24},"end":{"line":37,"column":40}},"17":{"start":{"line":39,"column":20},"end":{"line":39,"column":54}},"18":{"start":{"line":40,"column":20},"end":{"line":40,"column":30}},"19":{"start":{"line":45,"column":12},"end":{"line":45,"column":35}},"20":{"start":{"line":53,"column":0},"end":{"line":53,"column":24}}},"branchMap":{"1":{"line":6,"type":"if","locations":[{"start":{"line":6,"column":8},"end":{"line":6,"column":8}},{"start":{"line":6,"column":8},"end":{"line":6,"column":8}}]},"2":{"line":9,"type":"if","locations":[{"start":{"line":9,"column":8},"end":{"line":9,"column":8}},{"start":{"line":9,"column":8},"end":{"line":9,"column":8}}]},"3":{"line":12,"type":"if","locations":[{"start":{"line":12,"column":13},"end":{"line":12,"column":13}},{"start":{"line":12,"column":13},"end":{"line":12,"column":13}}]},"4":{"line":36,"type":"if","locations":[{"start":{"line":36,"column":20},"end":{"line":36,"column":20}},{"start":{"line":36,"column":20},"end":{"line":36,"column":20}}]}}},"/Users/fredde/Dropbox/TDP013/projekt/kvitter/routes/users.js":{"path":"/Users/fredde/Dropbox/TDP013/projekt/kvitter/routes/users.js","s":{"1":1,"2":1,"3":1,"4":1,"5":0,"6":0,"7":1,"8":12,"9":4,"10":4,"11":0,"12":4,"13":4,"14":8,"15":0,"16":1,"17":1,"18":1,"19":0,"20":1,"21":0,"22":1,"23":1,"24":1,"25":1,"26":0,"27":1,"28":0,"29":1,"30":0,"31":0,"32":0,"33":0,"34":0,"35":0,"36":0,"37":0,"38":0,"39":0,"40":0,"41":0,"42":0,"43":0,"44":0,"45":1},"b":{"1":[0,1],"2":[4,8],"3":[0,4],"4":[0,8],"5":[0,1],"6":[0,1],"7":[1,0],"8":[0,1],"9":[0,0],"10":[0,0],"11":[0,0],"12":[0,0]},"f":{"1":1,"2":4,"3":1,"4":1,"5":0,"6":0,"7":0,"8":0},"fnMap":{"1":{"name":"checkUser","line":4,"loc":{"start":{"line":4,"column":0},"end":{"line":4,"column":45}}},"2":{"name":"(anonymous_2)","line":12,"loc":{"start":{"line":12,"column":27},"end":{"line":12,"column":49}}},"3":{"name":"(anonymous_3)","line":28,"loc":{"start":{"line":28,"column":21},"end":{"line":28,"column":40}}},"4":{"name":"(anonymous_4)","line":29,"loc":{"start":{"line":29,"column":38},"end":{"line":29,"column":61}}},"5":{"name":"(anonymous_5)","line":52,"loc":{"start":{"line":52,"column":26},"end":{"line":52,"column":45}}},"6":{"name":"(anonymous_6)","line":53,"loc":{"start":{"line":53,"column":38},"end":{"line":53,"column":61}}},"7":{"name":"(anonymous_7)","line":63,"loc":{"start":{"line":63,"column":18},"end":{"line":63,"column":41}}},"8":{"name":"(anonymous_8)","line":71,"loc":{"start":{"line":71,"column":11},"end":{"line":71,"column":33}}}},"statementMap":{"1":{"start":{"line":1,"column":0},"end":{"line":1,"column":33}},"2":{"start":{"line":2,"column":0},"end":{"line":2,"column":30}},"3":{"start":{"line":4,"column":0},"end":{"line":26,"column":1}},"4":{"start":{"line":6,"column":1},"end":{"line":9,"column":2}},"5":{"start":{"line":7,"column":2},"end":{"line":7,"column":79}},"6":{"start":{"line":8,"column":2},"end":{"line":8,"column":9}},"7":{"start":{"line":10,"column":4},"end":{"line":25,"column":2}},"8":{"start":{"line":11,"column":4},"end":{"line":24,"column":3}},"9":{"start":{"line":12,"column":5},"end":{"line":20,"column":8}},"10":{"start":{"line":13,"column":6},"end":{"line":15,"column":5}},"11":{"start":{"line":14,"column":7},"end":{"line":14,"column":24}},"12":{"start":{"line":16,"column":4},"end":{"line":16,"column":22}},"13":{"start":{"line":17,"column":4},"end":{"line":19,"column":63}},"14":{"start":{"line":22,"column":7},"end":{"line":24,"column":3}},"15":{"start":{"line":23,"column":3},"end":{"line":23,"column":92}},"16":{"start":{"line":28,"column":0},"end":{"line":50,"column":4}},"17":{"start":{"line":29,"column":4},"end":{"line":49,"column":7}},"18":{"start":{"line":30,"column":5},"end":{"line":32,"column":6}},"19":{"start":{"line":31,"column":9},"end":{"line":31,"column":26}},"20":{"start":{"line":33,"column":5},"end":{"line":48,"column":6}},"21":{"start":{"line":34,"column":9},"end":{"line":34,"column":32}},"22":{"start":{"line":36,"column":10},"end":{"line":48,"column":6}},"23":{"start":{"line":37,"column":6},"end":{"line":37,"column":29}},"24":{"start":{"line":38,"column":8},"end":{"line":38,"column":26}},"25":{"start":{"line":39,"column":8},"end":{"line":44,"column":9}},"26":{"start":{"line":40,"column":9},"end":{"line":40,"column":27}},"27":{"start":{"line":43,"column":9},"end":{"line":43,"column":45}},"28":{"start":{"line":47,"column":9},"end":{"line":47,"column":32}},"29":{"start":{"line":52,"column":0},"end":{"line":83,"column":3}},"30":{"start":{"line":53,"column":4},"end":{"line":82,"column":7}},"31":{"start":{"line":54,"column":8},"end":{"line":56,"column":9}},"32":{"start":{"line":55,"column":12},"end":{"line":55,"column":29}},"33":{"start":{"line":57,"column":8},"end":{"line":81,"column":9}},"34":{"start":{"line":58,"column":12},"end":{"line":58,"column":35}},"35":{"start":{"line":58,"column":35},"end":{"line":58,"column":36}},"36":{"start":{"line":60,"column":13},"end":{"line":81,"column":9}},"37":{"start":{"line":61,"column":6},"end":{"line":61,"column":34}},"38":{"start":{"line":62,"column":3},"end":{"line":62,"column":32}},"39":{"start":{"line":63,"column":3},"end":{"line":77,"column":6}},"40":{"start":{"line":64,"column":4},"end":{"line":76,"column":10}},"41":{"start":{"line":72,"column":12},"end":{"line":74,"column":13}},"42":{"start":{"line":73,"column":16},"end":{"line":73,"column":33}},"43":{"start":{"line":75,"column":12},"end":{"line":75,"column":22}},"44":{"start":{"line":80,"column":12},"end":{"line":80,"column":35}},"45":{"start":{"line":84,"column":0},"end":{"line":84,"column":24}}},"branchMap":{"1":{"line":6,"type":"if","locations":[{"start":{"line":6,"column":1},"end":{"line":6,"column":1}},{"start":{"line":6,"column":1},"end":{"line":6,"column":1}}]},"2":{"line":11,"type":"if","locations":[{"start":{"line":11,"column":4},"end":{"line":11,"column":4}},{"start":{"line":11,"column":4},"end":{"line":11,"column":4}}]},"3":{"line":13,"type":"if","locations":[{"start":{"line":13,"column":6},"end":{"line":13,"column":6}},{"start":{"line":13,"column":6},"end":{"line":13,"column":6}}]},"4":{"line":22,"type":"if","locations":[{"start":{"line":22,"column":7},"end":{"line":22,"column":7}},{"start":{"line":22,"column":7},"end":{"line":22,"column":7}}]},"5":{"line":30,"type":"if","locations":[{"start":{"line":30,"column":5},"end":{"line":30,"column":5}},{"start":{"line":30,"column":5},"end":{"line":30,"column":5}}]},"6":{"line":33,"type":"if","locations":[{"start":{"line":33,"column":5},"end":{"line":33,"column":5}},{"start":{"line":33,"column":5},"end":{"line":33,"column":5}}]},"7":{"line":36,"type":"if","locations":[{"start":{"line":36,"column":10},"end":{"line":36,"column":10}},{"start":{"line":36,"column":10},"end":{"line":36,"column":10}}]},"8":{"line":39,"type":"if","locations":[{"start":{"line":39,"column":8},"end":{"line":39,"column":8}},{"start":{"line":39,"column":8},"end":{"line":39,"column":8}}]},"9":{"line":54,"type":"if","locations":[{"start":{"line":54,"column":8},"end":{"line":54,"column":8}},{"start":{"line":54,"column":8},"end":{"line":54,"column":8}}]},"10":{"line":57,"type":"if","locations":[{"start":{"line":57,"column":8},"end":{"line":57,"column":8}},{"start":{"line":57,"column":8},"end":{"line":57,"column":8}}]},"11":{"line":60,"type":"if","locations":[{"start":{"line":60,"column":13},"end":{"line":60,"column":13}},{"start":{"line":60,"column":13},"end":{"line":60,"column":13}}]},"12":{"line":72,"type":"if","locations":[{"start":{"line":72,"column":12},"end":{"line":72,"column":12}},{"start":{"line":72,"column":12},"end":{"line":72,"column":12}}]}}},"/Users/fredde/Dropbox/TDP013/projekt/kvitter/routes/validate-user.js":{"path":"/Users/fredde/Dropbox/TDP013/projekt/kvitter/routes/validate-user.js","s":{"1":1,"2":1,"3":1,"4":1,"5":1,"6":1,"7":1,"8":0,"9":1,"10":1,"11":1,"12":0,"13":0,"14":1,"15":1,"16":1,"17":1,"18":0,"19":0,"20":1,"21":1,"22":1,"23":1,"24":0,"25":0,"26":1},"b":{"1":[0,1],"2":[0,1],"3":[1,0],"4":[1,1],"5":[0,1],"6":[1,0]},"f":{"1":1,"2":1,"3":1,"4":1,"5":1},"fnMap":{"1":{"name":"(anonymous_1)","line":4,"loc":{"start":{"line":4,"column":16},"end":{"line":4,"column":35}}},"2":{"name":"(anonymous_2)","line":7,"loc":{"start":{"line":7,"column":26},"end":{"line":7,"column":48}}},"3":{"name":"validate","line":15,"loc":{"start":{"line":15,"column":0},"end":{"line":15,"column":48}}},"4":{"name":"(anonymous_4)","line":23,"loc":{"start":{"line":23,"column":23},"end":{"line":23,"column":46}}},"5":{"name":"(anonymous_5)","line":31,"loc":{"start":{"line":31,"column":12},"end":{"line":31,"column":34}}}},"statementMap":{"1":{"start":{"line":1,"column":0},"end":{"line":1,"column":33}},"2":{"start":{"line":2,"column":0},"end":{"line":2,"column":30}},"3":{"start":{"line":4,"column":0},"end":{"line":13,"column":3}},"4":{"start":{"line":5,"column":4},"end":{"line":5,"column":26}},"5":{"start":{"line":6,"column":4},"end":{"line":6,"column":26}},"6":{"start":{"line":7,"column":4},"end":{"line":12,"column":7}},"7":{"start":{"line":8,"column":7},"end":{"line":10,"column":8}},"8":{"start":{"line":9,"column":11},"end":{"line":9,"column":40}},"9":{"start":{"line":11,"column":4},"end":{"line":11,"column":43}},"10":{"start":{"line":15,"column":0},"end":{"line":48,"column":1}},"11":{"start":{"line":17,"column":4},"end":{"line":20,"column":5}},"12":{"start":{"line":18,"column":8},"end":{"line":18,"column":34}},"13":{"start":{"line":19,"column":8},"end":{"line":19,"column":15}},"14":{"start":{"line":22,"column":4},"end":{"line":47,"column":5}},"15":{"start":{"line":23,"column":8},"end":{"line":42,"column":12}},"16":{"start":{"line":24,"column":12},"end":{"line":42,"column":9}},"17":{"start":{"line":32,"column":16},"end":{"line":40,"column":17}},"18":{"start":{"line":33,"column":20},"end":{"line":33,"column":49}},"19":{"start":{"line":34,"column":20},"end":{"line":34,"column":33}},"20":{"start":{"line":36,"column":21},"end":{"line":40,"column":17}},"21":{"start":{"line":37,"column":20},"end":{"line":37,"column":44}},"22":{"start":{"line":38,"column":20},"end":{"line":38,"column":36}},"23":{"start":{"line":39,"column":20},"end":{"line":39,"column":38}},"24":{"start":{"line":45,"column":8},"end":{"line":45,"column":60}},"25":{"start":{"line":46,"column":8},"end":{"line":46,"column":33}},"26":{"start":{"line":50,"column":0},"end":{"line":50,"column":24}}},"branchMap":{"1":{"line":8,"type":"if","locations":[{"start":{"line":8,"column":7},"end":{"line":8,"column":7}},{"start":{"line":8,"column":7},"end":{"line":8,"column":7}}]},"2":{"line":17,"type":"if","locations":[{"start":{"line":17,"column":4},"end":{"line":17,"column":4}},{"start":{"line":17,"column":4},"end":{"line":17,"column":4}}]},"3":{"line":22,"type":"if","locations":[{"start":{"line":22,"column":4},"end":{"line":22,"column":4}},{"start":{"line":22,"column":4},"end":{"line":22,"column":4}}]},"4":{"line":22,"type":"binary-expr","locations":[{"start":{"line":22,"column":8},"end":{"line":22,"column":31}},{"start":{"line":22,"column":35},"end":{"line":22,"column":58}}]},"5":{"line":32,"type":"if","locations":[{"start":{"line":32,"column":16},"end":{"line":32,"column":16}},{"start":{"line":32,"column":16},"end":{"line":32,"column":16}}]},"6":{"line":36,"type":"if","locations":[{"start":{"line":36,"column":21},"end":{"line":36,"column":21}},{"start":{"line":36,"column":21},"end":{"line":36,"column":21}}]}}},"/Users/fredde/Dropbox/TDP013/projekt/kvitter/mongo_conn.js":{"path":"/Users/fredde/Dropbox/TDP013/projekt/kvitter/mongo_conn.js","s":{"1":1,"2":1,"3":1,"4":1,"5":1,"6":1,"7":1,"8":15,"9":15,"10":0,"11":15,"12":1,"13":8,"14":8,"15":0,"16":8,"17":8,"18":0,"19":8,"20":1,"21":0,"22":0,"23":0,"24":0,"25":0,"26":0,"27":0,"28":1,"29":1,"30":1,"31":0,"32":1,"33":1,"34":0,"35":1,"36":1},"b":{"1":[0,15],"2":[0,8],"3":[0,8],"4":[0,0],"5":[0,0],"6":[0,1],"7":[0,1]},"f":{"1":1,"2":1,"3":15,"4":15,"5":8,"6":8,"7":8,"8":0,"9":0,"10":0,"11":1,"12":1,"13":1},"fnMap":{"1":{"name":"(anonymous_1)","line":3,"loc":{"start":{"line":3,"column":9},"end":{"line":3,"column":36}}},"2":{"name":"(anonymous_2)","line":5,"loc":{"start":{"line":5,"column":14},"end":{"line":5,"column":24}}},"3":{"name":"(anonymous_3)","line":12,"loc":{"start":{"line":12,"column":26},"end":{"line":12,"column":46}}},"4":{"name":"(anonymous_4)","line":13,"loc":{"start":{"line":13,"column":29},"end":{"line":13,"column":56}}},"5":{"name":"(anonymous_5)","line":24,"loc":{"start":{"line":24,"column":27},"end":{"line":24,"column":53}}},"6":{"name":"(anonymous_6)","line":25,"loc":{"start":{"line":25,"column":14},"end":{"line":25,"column":41}}},"7":{"name":"(anonymous_7)","line":30,"loc":{"start":{"line":30,"column":41},"end":{"line":30,"column":63}}},"8":{"name":"(anonymous_8)","line":42,"loc":{"start":{"line":42,"column":26},"end":{"line":42,"column":51}}},"9":{"name":"(anonymous_9)","line":43,"loc":{"start":{"line":43,"column":14},"end":{"line":43,"column":41}}},"10":{"name":"(anonymous_10)","line":48,"loc":{"start":{"line":48,"column":35},"end":{"line":48,"column":57}}},"11":{"name":"(anonymous_11)","line":60,"loc":{"start":{"line":60,"column":25},"end":{"line":60,"column":49}}},"12":{"name":"(anonymous_12)","line":61,"loc":{"start":{"line":61,"column":14},"end":{"line":61,"column":41}}},"13":{"name":"(anonymous_13)","line":66,"loc":{"start":{"line":66,"column":34},"end":{"line":66,"column":56}}}},"statementMap":{"1":{"start":{"line":1,"column":0},"end":{"line":1,"column":31}},"2":{"start":{"line":3,"column":1},"end":{"line":10,"column":3}},"3":{"start":{"line":4,"column":1},"end":{"line":4,"column":108}},"4":{"start":{"line":5,"column":1},"end":{"line":8,"column":4}},"5":{"start":{"line":6,"column":2},"end":{"line":6,"column":23}},"6":{"start":{"line":7,"column":2},"end":{"line":7,"column":49}},"7":{"start":{"line":12,"column":0},"end":{"line":22,"column":2}},"8":{"start":{"line":13,"column":1},"end":{"line":21,"column":4}},"9":{"start":{"line":14,"column":2},"end":{"line":20,"column":3}},"10":{"start":{"line":15,"column":3},"end":{"line":15,"column":17}},"11":{"start":{"line":19,"column":3},"end":{"line":19,"column":29}},"12":{"start":{"line":24,"column":0},"end":{"line":40,"column":2}},"13":{"start":{"line":25,"column":1},"end":{"line":39,"column":4}},"14":{"start":{"line":26,"column":2},"end":{"line":38,"column":3}},"15":{"start":{"line":27,"column":3},"end":{"line":27,"column":17}},"16":{"start":{"line":30,"column":3},"end":{"line":37,"column":6}},"17":{"start":{"line":31,"column":4},"end":{"line":36,"column":5}},"18":{"start":{"line":32,"column":5},"end":{"line":32,"column":19}},"19":{"start":{"line":35,"column":5},"end":{"line":35,"column":27}},"20":{"start":{"line":42,"column":0},"end":{"line":58,"column":2}},"21":{"start":{"line":43,"column":1},"end":{"line":57,"column":4}},"22":{"start":{"line":44,"column":2},"end":{"line":56,"column":3}},"23":{"start":{"line":45,"column":3},"end":{"line":45,"column":17}},"24":{"start":{"line":48,"column":3},"end":{"line":55,"column":6}},"25":{"start":{"line":49,"column":4},"end":{"line":54,"column":5}},"26":{"start":{"line":50,"column":5},"end":{"line":50,"column":19}},"27":{"start":{"line":53,"column":5},"end":{"line":53,"column":27}},"28":{"start":{"line":60,"column":0},"end":{"line":76,"column":2}},"29":{"start":{"line":61,"column":1},"end":{"line":75,"column":4}},"30":{"start":{"line":62,"column":2},"end":{"line":74,"column":3}},"31":{"start":{"line":63,"column":3},"end":{"line":63,"column":17}},"32":{"start":{"line":66,"column":3},"end":{"line":73,"column":6}},"33":{"start":{"line":67,"column":4},"end":{"line":72,"column":5}},"34":{"start":{"line":68,"column":5},"end":{"line":68,"column":19}},"35":{"start":{"line":71,"column":5},"end":{"line":71,"column":27}},"36":{"start":{"line":78,"column":0},"end":{"line":78,"column":22}}},"branchMap":{"1":{"line":14,"type":"if","locations":[{"start":{"line":14,"column":2},"end":{"line":14,"column":2}},{"start":{"line":14,"column":2},"end":{"line":14,"column":2}}]},"2":{"line":26,"type":"if","locations":[{"start":{"line":26,"column":2},"end":{"line":26,"column":2}},{"start":{"line":26,"column":2},"end":{"line":26,"column":2}}]},"3":{"line":31,"type":"if","locations":[{"start":{"line":31,"column":4},"end":{"line":31,"column":4}},{"start":{"line":31,"column":4},"end":{"line":31,"column":4}}]},"4":{"line":44,"type":"if","locations":[{"start":{"line":44,"column":2},"end":{"line":44,"column":2}},{"start":{"line":44,"column":2},"end":{"line":44,"column":2}}]},"5":{"line":49,"type":"if","locations":[{"start":{"line":49,"column":4},"end":{"line":49,"column":4}},{"start":{"line":49,"column":4},"end":{"line":49,"column":4}}]},"6":{"line":62,"type":"if","locations":[{"start":{"line":62,"column":2},"end":{"line":62,"column":2}},{"start":{"line":62,"column":2},"end":{"line":62,"column":2}}]},"7":{"line":67,"type":"if","locations":[{"start":{"line":67,"column":4},"end":{"line":67,"column":4}},{"start":{"line":67,"column":4},"end":{"line":67,"column":4}}]}}},"/Users/fredde/Dropbox/TDP013/projekt/kvitter/routes/getuser.js":{"path":"/Users/fredde/Dropbox/TDP013/projekt/kvitter/routes/getuser.js","s":{"1":1,"2":1,"3":1,"4":0,"5":0,"6":0,"7":0,"8":0,"9":0,"10":0,"11":0,"12":0,"13":0,"14":0,"15":0,"16":0,"17":1},"b":{"1":[0,0],"2":[0,0]},"f":{"1":0,"2":0},"fnMap":{"1":{"name":"(anonymous_1)","line":4,"loc":{"start":{"line":4,"column":16},"end":{"line":4,"column":35}}},"2":{"name":"(anonymous_2)","line":6,"loc":{"start":{"line":6,"column":30},"end":{"line":6,"column":52}}}},"statementMap":{"1":{"start":{"line":1,"column":0},"end":{"line":1,"column":33}},"2":{"start":{"line":2,"column":0},"end":{"line":2,"column":30}},"3":{"start":{"line":4,"column":0},"end":{"line":23,"column":3}},"4":{"start":{"line":5,"column":4},"end":{"line":5,"column":30}},"5":{"start":{"line":6,"column":4},"end":{"line":22,"column":7}},"6":{"start":{"line":7,"column":8},"end":{"line":9,"column":9}},"7":{"start":{"line":8,"column":12},"end":{"line":8,"column":29}},"8":{"start":{"line":10,"column":8},"end":{"line":21,"column":9}},"9":{"start":{"line":11,"column":12},"end":{"line":11,"column":26}},"10":{"start":{"line":12,"column":12},"end":{"line":12,"column":34}},"11":{"start":{"line":13,"column":12},"end":{"line":13,"column":27}},"12":{"start":{"line":14,"column":12},"end":{"line":14,"column":22}},"13":{"start":{"line":17,"column":12},"end":{"line":17,"column":26}},"14":{"start":{"line":18,"column":12},"end":{"line":18,"column":33}},"15":{"start":{"line":19,"column":12},"end":{"line":19,"column":27}},"16":{"start":{"line":20,"column":12},"end":{"line":20,"column":22}},"17":{"start":{"line":25,"column":0},"end":{"line":25,"column":24}}},"branchMap":{"1":{"line":7,"type":"if","locations":[{"start":{"line":7,"column":8},"end":{"line":7,"column":8}},{"start":{"line":7,"column":8},"end":{"line":7,"column":8}}]},"2":{"line":10,"type":"if","locations":[{"start":{"line":10,"column":8},"end":{"line":10,"column":8}},{"start":{"line":10,"column":8},"end":{"line":10,"column":8}}]}}}}