TN:
SF:/Users/fredde/Dropbox/TDP013/projekt/kvitter/app.js
FN:39,(anonymous_1)
FN:63,(anonymous_2)
FN:73,(anonymous_3)
FN:84,(anonymous_4)
FNF:4
FNH:3
FNDA:8,(anonymous_1)
FNDA:0,(anonymous_2)
FNDA:1,(anonymous_3)
FNDA:1,(anonymous_4)
DA:1,1
DA:2,1
DA:3,1
DA:4,1
DA:5,1
DA:6,1
DA:7,1
DA:8,1
DA:9,1
DA:10,1
DA:11,1
DA:12,1
DA:13,1
DA:14,1
DA:15,1
DA:16,1
DA:17,1
DA:18,1
DA:19,1
DA:22,1
DA:23,1
DA:24,1
DA:29,1
DA:30,1
DA:31,1
DA:32,1
DA:33,1
DA:34,1
DA:35,1
DA:37,1
DA:39,1
DA:40,8
DA:43,8
DA:44,0
DA:45,0
DA:46,0
DA:47,0
DA:49,8
DA:52,1
DA:53,1
DA:54,1
DA:55,1
DA:56,1
DA:57,1
DA:58,1
DA:59,1
DA:60,1
DA:63,1
DA:64,0
DA:65,0
DA:66,0
DA:72,1
DA:73,1
DA:74,1
DA:75,1
DA:84,1
DA:85,1
DA:86,1
DA:92,1
DA:94,1
LF:60
LH:53
BRDA:43,1,0,0
BRDA:43,1,1,8
BRDA:72,2,0,1
BRDA:72,2,1,0
BRDA:74,3,0,1
BRDA:74,3,1,1
BRDA:85,4,0,1
BRDA:85,4,1,1
BRF:8
BRH:6
end_of_record
TN:
SF:/Users/fredde/Dropbox/TDP013/projekt/kvitter/routes/login.js
FN:4,(anonymous_1)
FNF:1
FNH:0
FNDA:0,(anonymous_1)
DA:1,1
DA:2,1
DA:4,1
DA:5,0
DA:8,1
LF:5
LH:4
BRF:0
BRH:0
end_of_record
TN:
SF:/Users/fredde/Dropbox/TDP013/projekt/kvitter/routes/logout.js
FN:4,(anonymous_1)
FN:5,(anonymous_2)
FN:13,(anonymous_3)
FNF:3
FNH:0
FNDA:0,(anonymous_1)
FNDA:0,(anonymous_2)
FNDA:0,(anonymous_3)
DA:1,1
DA:2,1
DA:4,1
DA:5,0
DA:6,0
DA:7,0
DA:9,0
DA:10,0
DA:12,0
DA:13,0
DA:14,0
DA:15,0
DA:17,0
DA:21,0
DA:27,1
LF:15
LH:4
BRDA:6,1,0,0
BRDA:6,1,1,0
BRDA:9,2,0,0
BRDA:9,2,1,0
BRDA:12,3,0,0
BRDA:12,3,1,0
BRDA:14,4,0,0
BRDA:14,4,1,0
BRF:8
BRH:0
end_of_record
TN:
SF:/Users/fredde/Dropbox/TDP013/projekt/kvitter/routes/post.js
FN:4,(anonymous_1)
FN:6,(anonymous_2)
FN:14,(anonymous_3)
FN:24,(anonymous_4)
FN:28,(anonymous_5)
FN:36,(anonymous_6)
FNF:6
FNH:6
FNDA:1,(anonymous_1)
FNDA:1,(anonymous_2)
FNDA:1,(anonymous_3)
FNDA:3,(anonymous_4)
FNDA:3,(anonymous_5)
FNDA:3,(anonymous_6)
DA:1,1
DA:2,1
DA:4,1
DA:5,1
DA:6,1
DA:7,1
DA:15,1
DA:16,0
DA:18,1
DA:24,1
DA:25,3
DA:26,3
DA:27,3
DA:28,3
DA:29,3
DA:37,3
DA:38,0
DA:40,3
DA:46,1
LF:19
LH:17
BRDA:15,1,0,0
BRDA:15,1,1,1
BRDA:37,2,0,0
BRDA:37,2,1,3
BRF:4
BRH:2
end_of_record
TN:
SF:/Users/fredde/Dropbox/TDP013/projekt/kvitter/routes/register.js
FN:4,(anonymous_1)
FN:8,(anonymous_2)
FN:13,(anonymous_3)
FN:14,(anonymous_4)
FNF:4
FNH:0
FNDA:0,(anonymous_1)
FNDA:0,(anonymous_2)
FNDA:0,(anonymous_3)
FNDA:0,(anonymous_4)
DA:1,1
DA:2,1
DA:4,1
DA:5,0
DA:8,1
DA:9,0
DA:10,0
DA:11,0
DA:12,0
DA:13,0
DA:14,0
DA:15,0
DA:16,0
DA:21,0
DA:23,1
LF:15
LH:5
BRDA:15,1,0,0
BRDA:15,1,1,0
BRF:2
BRH:0
end_of_record
TN:
SF:/Users/fredde/Dropbox/TDP013/projekt/kvitter/routes/index.js
FN:4,getMessages
FN:5,(anonymous_2)
FN:15,(anonymous_3)
FN:16,(anonymous_4)
FNF:4
FNH:4
FNDA:1,getMessages
FNDA:1,(anonymous_2)
FNDA:1,(anonymous_3)
FNDA:1,(anonymous_4)
DA:1,1
DA:2,1
DA:4,1
DA:5,1
DA:6,1
DA:7,0
DA:9,1
DA:10,1
DA:15,1
DA:16,1
DA:17,1
DA:18,0
DA:20,1
DA:21,0
DA:23,1
DA:24,1
DA:27,0
DA:31,1
LF:18
LH:14
BRDA:6,1,0,0
BRDA:6,1,1,1
BRDA:17,2,0,0
BRDA:17,2,1,1
BRDA:20,3,0,0
BRDA:20,3,1,1
BRDA:23,4,0,1
BRDA:23,4,1,0
BRF:8
BRH:4
end_of_record
TN:
SF:/Users/fredde/Dropbox/TDP013/projekt/kvitter/routes/search.js
FN:4,(anonymous_1)
FN:5,(anonymous_2)
FN:16,(anonymous_3)
FN:35,(anonymous_4)
FNF:4
FNH:4
FNDA:1,(anonymous_1)
FNDA:1,(anonymous_2)
FNDA:1,(anonymous_3)
FNDA:1,(anonymous_4)
DA:1,1
DA:2,1
DA:4,1
DA:5,1
DA:6,1
DA:7,0
DA:9,1
DA:10,0
DA:12,1
DA:13,1
DA:14,1
DA:15,1
DA:16,1
DA:17,1
DA:36,1
DA:37,0
DA:39,1
DA:40,1
DA:45,0
DA:53,1
LF:20
LH:16
BRDA:6,1,0,0
BRDA:6,1,1,1
BRDA:9,2,0,0
BRDA:9,2,1,1
BRDA:12,3,0,1
BRDA:12,3,1,0
BRDA:36,4,0,0
BRDA:36,4,1,1
BRF:8
BRH:4
end_of_record
TN:
SF:/Users/fredde/Dropbox/TDP013/projekt/kvitter/routes/users.js
FN:4,checkUser
FN:12,(anonymous_2)
FN:28,(anonymous_3)
FN:29,(anonymous_4)
FN:52,(anonymous_5)
FN:53,(anonymous_6)
FN:63,(anonymous_7)
FN:71,(anonymous_8)
FNF:8
FNH:4
FNDA:1,checkUser
FNDA:4,(anonymous_2)
FNDA:1,(anonymous_3)
FNDA:1,(anonymous_4)
FNDA:0,(anonymous_5)
FNDA:0,(anonymous_6)
FNDA:0,(anonymous_7)
FNDA:0,(anonymous_8)
DA:1,1
DA:2,1
DA:4,1
DA:6,1
DA:7,0
DA:8,0
DA:10,1
DA:11,12
DA:12,4
DA:13,4
DA:14,0
DA:16,4
DA:17,4
DA:22,8
DA:23,0
DA:28,1
DA:29,1
DA:30,1
DA:31,0
DA:33,1
DA:34,0
DA:36,1
DA:37,1
DA:38,1
DA:39,1
DA:40,0
DA:43,1
DA:47,0
DA:52,1
DA:53,0
DA:54,0
DA:55,0
DA:57,0
DA:58,0
DA:60,0
DA:61,0
DA:62,0
DA:63,0
DA:64,0
DA:72,0
DA:73,0
DA:75,0
DA:80,0
DA:84,1
LF:44
LH:22
BRDA:6,1,0,0
BRDA:6,1,1,1
BRDA:11,2,0,4
BRDA:11,2,1,8
BRDA:13,3,0,0
BRDA:13,3,1,4
BRDA:22,4,0,0
BRDA:22,4,1,8
BRDA:30,5,0,0
BRDA:30,5,1,1
BRDA:33,6,0,0
BRDA:33,6,1,1
BRDA:36,7,0,1
BRDA:36,7,1,0
BRDA:39,8,0,0
BRDA:39,8,1,1
BRDA:54,9,0,0
BRDA:54,9,1,0
BRDA:57,10,0,0
BRDA:57,10,1,0
BRDA:60,11,0,0
BRDA:60,11,1,0
BRDA:72,12,0,0
BRDA:72,12,1,0
BRF:24
BRH:9
end_of_record
TN:
SF:/Users/fredde/Dropbox/TDP013/projekt/kvitter/routes/validate-user.js
FN:4,(anonymous_1)
FN:7,(anonymous_2)
FN:15,validate
FN:23,(anonymous_4)
FN:31,(anonymous_5)
FNF:5
FNH:5
FNDA:1,(anonymous_1)
FNDA:1,(anonymous_2)
FNDA:1,validate
FNDA:1,(anonymous_4)
FNDA:1,(anonymous_5)
DA:1,1
DA:2,1
DA:4,1
DA:5,1
DA:6,1
DA:7,1
DA:8,1
DA:9,0
DA:11,1
DA:15,1
DA:17,1
DA:18,0
DA:19,0
DA:22,1
DA:23,1
DA:24,1
DA:32,1
DA:33,0
DA:34,0
DA:36,1
DA:37,1
DA:38,1
DA:39,1
DA:45,0
DA:46,0
DA:50,1
LF:26
LH:19
BRDA:8,1,0,0
BRDA:8,1,1,1
BRDA:17,2,0,0
BRDA:17,2,1,1
BRDA:22,3,0,1
BRDA:22,3,1,0
BRDA:22,4,0,1
BRDA:22,4,1,1
BRDA:32,5,0,0
BRDA:32,5,1,1
BRDA:36,6,0,1
BRDA:36,6,1,0
BRF:12
BRH:7
end_of_record
TN:
SF:/Users/fredde/Dropbox/TDP013/projekt/kvitter/mongo_conn.js
FN:3,(anonymous_1)
FN:5,(anonymous_2)
FN:12,(anonymous_3)
FN:13,(anonymous_4)
FN:24,(anonymous_5)
FN:25,(anonymous_6)
FN:30,(anonymous_7)
FN:42,(anonymous_8)
FN:43,(anonymous_9)
FN:48,(anonymous_10)
FN:60,(anonymous_11)
FN:61,(anonymous_12)
FN:66,(anonymous_13)
FNF:13
FNH:10
FNDA:1,(anonymous_1)
FNDA:1,(anonymous_2)
FNDA:15,(anonymous_3)
FNDA:15,(anonymous_4)
FNDA:8,(anonymous_5)
FNDA:8,(anonymous_6)
FNDA:8,(anonymous_7)
FNDA:0,(anonymous_8)
FNDA:0,(anonymous_9)
FNDA:0,(anonymous_10)
FNDA:1,(anonymous_11)
FNDA:1,(anonymous_12)
FNDA:1,(anonymous_13)
DA:1,1
DA:3,1
DA:4,1
DA:5,1
DA:6,1
DA:7,1
DA:12,1
DA:13,15
DA:14,15
DA:15,0
DA:19,15
DA:24,1
DA:25,8
DA:26,8
DA:27,0
DA:30,8
DA:31,8
DA:32,0
DA:35,8
DA:42,1
DA:43,0
DA:44,0
DA:45,0
DA:48,0
DA:49,0
DA:50,0
DA:53,0
DA:60,1
DA:61,1
DA:62,1
DA:63,0
DA:66,1
DA:67,1
DA:68,0
DA:71,1
DA:78,1
LF:36
LH:24
BRDA:14,1,0,0
BRDA:14,1,1,15
BRDA:26,2,0,0
BRDA:26,2,1,8
BRDA:31,3,0,0
BRDA:31,3,1,8
BRDA:44,4,0,0
BRDA:44,4,1,0
BRDA:49,5,0,0
BRDA:49,5,1,0
BRDA:62,6,0,0
BRDA:62,6,1,1
BRDA:67,7,0,0
BRDA:67,7,1,1
BRF:14
BRH:5
end_of_record
TN:
SF:/Users/fredde/Dropbox/TDP013/projekt/kvitter/routes/getuser.js
FN:4,(anonymous_1)
FN:6,(anonymous_2)
FNF:2
FNH:0
FNDA:0,(anonymous_1)
FNDA:0,(anonymous_2)
DA:1,1
DA:2,1
DA:4,1
DA:5,0
DA:6,0
DA:7,0
DA:8,0
DA:10,0
DA:11,0
DA:12,0
DA:13,0
DA:14,0
DA:17,0
DA:18,0
DA:19,0
DA:20,0
DA:25,1
LF:17
LH:4
BRDA:7,1,0,0
BRDA:7,1,1,0
BRDA:10,2,0,0
BRDA:10,2,1,0
BRF:4
BRH:0
end_of_record
